2014-09-07 00:52:37 Notice: Notice (8): Undefined variable: scope in [/var/www/html/zencms/public_html/app/Controller/CategoriesController.php, line 32]
Trace:
CategoriesController::index() - APP/Controller/CategoriesController.php, line 32
ReflectionMethod::invokeArgs() - [internal], line ??
Controller::invokeAction() - CORE/Cake/Controller/Controller.php, line 490
Dispatcher::_invoke() - CORE/Cake/Routing/Dispatcher.php, line 191
Dispatcher::dispatch() - CORE/Cake/Routing/Dispatcher.php, line 165
[main] - APP/webroot/index.php, line 108

2014-09-07 00:54:08 Notice: Notice (8): Undefined variable: scope in [/var/www/html/zencms/public_html/app/Controller/CategoriesController.php, line 32]
Trace:
CategoriesController::index() - APP/Controller/CategoriesController.php, line 32
ReflectionMethod::invokeArgs() - [internal], line ??
Controller::invokeAction() - CORE/Cake/Controller/Controller.php, line 490
Dispatcher::_invoke() - CORE/Cake/Routing/Dispatcher.php, line 191
Dispatcher::dispatch() - CORE/Cake/Routing/Dispatcher.php, line 165
[main] - APP/webroot/index.php, line 108

2014-09-07 00:54:32 Notice: Notice (8): Undefined variable: scope in [/var/www/html/zencms/public_html/app/Controller/CategoriesController.php, line 32]
Trace:
CategoriesController::index() - APP/Controller/CategoriesController.php, line 32
ReflectionMethod::invokeArgs() - [internal], line ??
Controller::invokeAction() - CORE/Cake/Controller/Controller.php, line 490
Dispatcher::_invoke() - CORE/Cake/Routing/Dispatcher.php, line 191
Dispatcher::dispatch() - CORE/Cake/Routing/Dispatcher.php, line 165
[main] - APP/webroot/index.php, line 108

2014-09-07 01:01:03 Notice: Notice (8): Undefined variable: scope in [/var/www/html/zencms/public_html/app/Controller/CategoriesController.php, line 32]
Trace:
CategoriesController::index() - APP/Controller/CategoriesController.php, line 32
ReflectionMethod::invokeArgs() - [internal], line ??
Controller::invokeAction() - CORE/Cake/Controller/Controller.php, line 490
Dispatcher::_invoke() - CORE/Cake/Routing/Dispatcher.php, line 191
Dispatcher::dispatch() - CORE/Cake/Routing/Dispatcher.php, line 165
[main] - APP/webroot/index.php, line 108

2014-09-07 01:05:02 Notice: Notice (8): Undefined variable: scope in [/var/www/html/zencms/public_html/app/Controller/CategoriesController.php, line 32]
Trace:
CategoriesController::index() - APP/Controller/CategoriesController.php, line 32
ReflectionMethod::invokeArgs() - [internal], line ??
Controller::invokeAction() - CORE/Cake/Controller/Controller.php, line 490
Dispatcher::_invoke() - CORE/Cake/Routing/Dispatcher.php, line 191
Dispatcher::dispatch() - CORE/Cake/Routing/Dispatcher.php, line 165
[main] - APP/webroot/index.php, line 108

2014-09-07 01:05:57 Notice: Notice (8): Undefined variable: scope in [/var/www/html/zencms/public_html/app/Controller/CategoriesController.php, line 32]
Trace:
CategoriesController::index() - APP/Controller/CategoriesController.php, line 32
ReflectionMethod::invokeArgs() - [internal], line ??
Controller::invokeAction() - CORE/Cake/Controller/Controller.php, line 490
Dispatcher::_invoke() - CORE/Cake/Routing/Dispatcher.php, line 191
Dispatcher::dispatch() - CORE/Cake/Routing/Dispatcher.php, line 165
[main] - APP/webroot/index.php, line 108

2014-09-07 01:06:26 Notice: Notice (8): Undefined variable: scope in [/var/www/html/zencms/public_html/app/Controller/CategoriesController.php, line 32]
Trace:
CategoriesController::index() - APP/Controller/CategoriesController.php, line 32
ReflectionMethod::invokeArgs() - [internal], line ??
Controller::invokeAction() - CORE/Cake/Controller/Controller.php, line 490
Dispatcher::_invoke() - CORE/Cake/Routing/Dispatcher.php, line 191
Dispatcher::dispatch() - CORE/Cake/Routing/Dispatcher.php, line 165
[main] - APP/webroot/index.php, line 108

